{"level":"error","message":"[Thu, 12 May 2022 16:57:05 GMT] DB CONNECTION ERROR getaddrinfo EAI_AGAIN mongo","reason":{"compatible":true,"heartbeatFrequencyMS":10000,"localThresholdMS":15,"servers":{},"stale":false,"type":"Unknown"},"service":"user-service","stack":"MongooseServerSelectionError: getaddrinfo EAI_AGAIN mongo\n    at NativeConnection.Connection.openUri (/home/shivam/Desktop/Camping Grounds/node_modules/mongoose/lib/connection.js:807:32)\n    at /home/shivam/Desktop/Camping Grounds/node_modules/mongoose/lib/index.js:342:10\n    at /home/shivam/Desktop/Camping Grounds/node_modules/mongoose/lib/helpers/promiseOrCallback.js:32:5\n    at new Promise (<anonymous>)\n    at promiseOrCallback (/home/shivam/Desktop/Camping Grounds/node_modules/mongoose/lib/helpers/promiseOrCallback.js:31:10)\n    at Mongoose._promiseOrCallback (/home/shivam/Desktop/Camping Grounds/node_modules/mongoose/lib/index.js:1181:10)\n    at Mongoose.connect (/home/shivam/Desktop/Camping Grounds/node_modules/mongoose/lib/index.js:341:20)\n    at Object.<anonymous> (/home/shivam/Desktop/Camping Grounds/app.js:26:10)\n    at Module._compile (node:internal/modules/cjs/loader:1103:14)\n    at Object.Module._extensions..js (node:internal/modules/cjs/loader:1157:10)"}
{"level":"error","message":"[Thu, 12 May 2022 16:58:38 GMT] DB CONNECTION ERROR getaddrinfo EAI_AGAIN mongo","reason":{"compatible":true,"heartbeatFrequencyMS":10000,"localThresholdMS":15,"servers":{},"stale":false,"type":"Unknown"},"service":"user-service","stack":"MongooseServerSelectionError: getaddrinfo EAI_AGAIN mongo\n    at NativeConnection.Connection.openUri (/home/shivam/Desktop/Camping Grounds/node_modules/mongoose/lib/connection.js:807:32)\n    at /home/shivam/Desktop/Camping Grounds/node_modules/mongoose/lib/index.js:342:10\n    at /home/shivam/Desktop/Camping Grounds/node_modules/mongoose/lib/helpers/promiseOrCallback.js:32:5\n    at new Promise (<anonymous>)\n    at promiseOrCallback (/home/shivam/Desktop/Camping Grounds/node_modules/mongoose/lib/helpers/promiseOrCallback.js:31:10)\n    at Mongoose._promiseOrCallback (/home/shivam/Desktop/Camping Grounds/node_modules/mongoose/lib/index.js:1181:10)\n    at Mongoose.connect (/home/shivam/Desktop/Camping Grounds/node_modules/mongoose/lib/index.js:341:20)\n    at Object.<anonymous> (/home/shivam/Desktop/Camping Grounds/app.js:26:10)\n    at Module._compile (node:internal/modules/cjs/loader:1103:14)\n    at Object.Module._extensions..js (node:internal/modules/cjs/loader:1157:10)"}
{"level":"error","message":"[Thu, 12 May 2022 17:00:23 GMT] DB CONNECTION ERROR getaddrinfo EAI_AGAIN mongo","reason":{"compatible":true,"heartbeatFrequencyMS":10000,"localThresholdMS":15,"servers":{},"stale":false,"type":"Unknown"},"service":"user-service","stack":"MongooseServerSelectionError: getaddrinfo EAI_AGAIN mongo\n    at NativeConnection.Connection.openUri (/home/shivam/Desktop/Camping Grounds/node_modules/mongoose/lib/connection.js:807:32)\n    at /home/shivam/Desktop/Camping Grounds/node_modules/mongoose/lib/index.js:342:10\n    at /home/shivam/Desktop/Camping Grounds/node_modules/mongoose/lib/helpers/promiseOrCallback.js:32:5\n    at new Promise (<anonymous>)\n    at promiseOrCallback (/home/shivam/Desktop/Camping Grounds/node_modules/mongoose/lib/helpers/promiseOrCallback.js:31:10)\n    at Mongoose._promiseOrCallback (/home/shivam/Desktop/Camping Grounds/node_modules/mongoose/lib/index.js:1181:10)\n    at Mongoose.connect (/home/shivam/Desktop/Camping Grounds/node_modules/mongoose/lib/index.js:341:20)\n    at Object.<anonymous> (/home/shivam/Desktop/Camping Grounds/app.js:26:10)\n    at Module._compile (node:internal/modules/cjs/loader:1103:14)\n    at Object.Module._extensions..js (node:internal/modules/cjs/loader:1157:10)"}
{"level":"error","message":"[Thu, 12 May 2022 17:13:29 GMT] DB CONNECTION ERROR Can't call `openUri()` on an active connection with different connection strings. Make sure you aren't calling `mongoose.connect()` multiple times. See: https://mongoosejs.com/docs/connections.html#multiple_connections","service":"user-service","stack":"MongooseError: Can't call `openUri()` on an active connection with different connection strings. Make sure you aren't calling `mongoose.connect()` multiple times. See: https://mongoosejs.com/docs/connections.html#multiple_connections\n    at NativeConnection.Connection.openUri (/home/shivam/Desktop/Camping Grounds/node_modules/mongoose/lib/connection.js:702:13)\n    at /home/shivam/Desktop/Camping Grounds/node_modules/mongoose/lib/index.js:342:10\n    at /home/shivam/Desktop/Camping Grounds/node_modules/mongoose/lib/helpers/promiseOrCallback.js:32:5\n    at new Promise (<anonymous>)\n    at promiseOrCallback (/home/shivam/Desktop/Camping Grounds/node_modules/mongoose/lib/helpers/promiseOrCallback.js:31:10)\n    at Mongoose._promiseOrCallback (/home/shivam/Desktop/Camping Grounds/node_modules/mongoose/lib/index.js:1181:10)\n    at Mongoose.connect (/home/shivam/Desktop/Camping Grounds/node_modules/mongoose/lib/index.js:341:20)\n    at Object.<anonymous> (/home/shivam/Desktop/Camping Grounds/app.js:30:10)\n    at Module._compile (node:internal/modules/cjs/loader:1103:14)\n    at Object.Module._extensions..js (node:internal/modules/cjs/loader:1157:10)"}
{"level":"info","message":"[Thu, 12 May 2022 17:14:11 GMT] DB CONNECTED","service":"user-service"}
{"level":"info","message":"[Thu, 12 May 2022 17:20:10 GMT] DB CONNECTED","service":"user-service"}
{"level":"info","message":"[Thu, 12 May 2022 17:20:10 GMT] [/] called","service":"user-service"}
{"level":"info","message":"[Thu, 12 May 2022 17:20:10 GMT] [/] successful","service":"user-service"}
{"level":"info","message":"[Thu, 12 May 2022 17:22:42 GMT] DB CONNECTED","service":"user-service"}
{"level":"info","message":"[Thu, 12 May 2022 17:23:28 GMT] DB CONNECTED","service":"user-service"}
{"level":"info","message":"[Thu, 12 May 2022 17:23:28 GMT] [/campgrounds/index] called","service":"user-service"}
{"level":"info","message":"[Thu, 12 May 2022 17:23:28 GMT] [/campgrounds/index] successful","service":"user-service"}
{"level":"info","message":"[Thu, 12 May 2022 17:30:52 GMT] DB CONNECTED","service":"user-service"}
{"level":"info","message":"[Thu, 12 May 2022 17:30:52 GMT] [/campgrounds/index] called","service":"user-service"}
{"level":"info","message":"[Thu, 12 May 2022 17:30:52 GMT] [/campgrounds/index] successful","service":"user-service"}
{"level":"info","message":"[Thu, 12 May 2022 17:30:52 GMT] [/users/login] called","service":"user-service"}
{"level":"info","message":"[Thu, 12 May 2022 17:30:52 GMT] [/users/login] successful","service":"user-service"}
{"level":"info","message":"[Thu, 12 May 2022 17:30:52 GMT] [/campgrounds/index] called","service":"user-service"}
{"level":"info","message":"[Thu, 12 May 2022 17:30:52 GMT] [/campgrounds/index] successful","service":"user-service"}
{"level":"info","message":"[Thu, 12 May 2022 17:30:52 GMT] [/campgrounds/index] called","service":"user-service"}
{"level":"info","message":"[Thu, 12 May 2022 17:30:52 GMT] [/campgrounds/index] successful","service":"user-service"}
{"level":"info","message":"[Thu, 12 May 2022 17:30:52 GMT] [/users/register] called","service":"user-service"}
{"level":"info","message":"[Thu, 12 May 2022 17:30:52 GMT] [/users/register] successful","service":"user-service"}
{"level":"info","message":"[Thu, 12 May 2022 17:30:52 GMT] [/campgrounds/register] called","service":"user-service"}
{"level":"error","message":"[Thu, 12 May 2022 17:30:52 GMT] [/campgrounds/register]UserExistsError: A user with the given username is already registered","service":"user-service"}
{"level":"info","message":"[Thu, 12 May 2022 17:30:52 GMT] [/users/register] called","service":"user-service"}
{"level":"info","message":"[Thu, 12 May 2022 17:30:52 GMT] [/users/register] successful","service":"user-service"}
{"level":"info","message":"[Thu, 12 May 2022 17:30:52 GMT] [/campgrounds/register] called","service":"user-service"}
{"level":"info","message":"[Thu, 12 May 2022 17:30:52 GMT] [/campgrounds/register] successful","service":"user-service"}
{"level":"info","message":"[Thu, 12 May 2022 17:30:52 GMT] [/campgrounds/index] called","service":"user-service"}
{"level":"info","message":"[Thu, 12 May 2022 17:30:52 GMT] [/campgrounds/index] successful","service":"user-service"}
{"level":"info","message":"[Thu, 12 May 2022 17:30:52 GMT] [/campgrounds/new] called","service":"user-service"}
{"level":"info","message":"[Thu, 12 May 2022 17:30:52 GMT] [/campgrounds/new] successful","service":"user-service"}
